<?xml version="1.0" encoding="UTF-8"?>
<!-- Generated by org.testng.reporters.JUnitReportReporter -->
<testsuite hostname="Sweet_Home" failures="0" tests="1" name="com.Carnation24KDD.TestingShastra.AddUserTest" time="29.279" errors="0" timestamp="2024-11-24T15:47:08 IST" skipped="0">
  <testcase classname="com.Carnation24KDD.TestingShastra.AddUserTest" name="verifyIfNameOfAlreadyCreatedUserPopulatesInListUsingKeywordsUsingPropertiesFile" time="29.279"/>
</testsuite> <!-- com.Carnation24KDD.TestingShastra.AddUserTest -->
