<?xml version="1.0" encoding="UTF-8"?>
<!-- Generated by org.testng.reporters.JUnitReportReporter -->
<testsuite hostname="Sweet_Home" failures="0" tests="1" name="com.Carnation24KDD.TestingShastra.Login_TestCase" time="14.536" errors="0" timestamp="2024-11-25T17:05:04 IST" skipped="0">
  <testcase classname="com.Carnation24KDD.TestingShastra.Login_TestCase" name="verifyLoginTestPOM" time="14.536"/>
</testsuite> <!-- com.Carnation24KDD.TestingShastra.Login_TestCase -->
